<?xml version="1.0" encoding="UTF-8"?>
<testsuite name="SILab2Test" tests="2" skipped="0" failures="0" errors="0" timestamp="2022-06-07T10:31:34" hostname="ASUS" time="0.041">
  <properties/>
  <testcase name="everyStatementTest()" classname="SILab2Test" time="0.039"/>
  <testcase name="everyBranchTest()" classname="SILab2Test" time="0.001"/>
  <system-out><![CDATA[]]></system-out>
  <system-err><![CDATA[]]></system-err>
</testsuite>
